#
# A fatal error has been detected by the Java Runtime Environment:
#
#  EXCEPTION_ACCESS_VIOLATION (0xc0000005) at pc=0x00007ffe1f8b754e, pid=9408, tid=0x00000000000022ec
#
# JRE version: Java(TM) SE Runtime Environment (8.0_131-b11) (build 1.8.0_131-b11)
# Java VM: Java HotSpot(TM) 64-Bit Server VM (25.131-b11 mixed mode windows-amd64 compressed oops)
# Problematic frame:
# C  [WindowsNativeCall_1582285980554_1_x64.dll+0x754e]
#
# Failed to write core dump. Minidumps are not enabled by default on client versions of Windows
#
# If you would like to submit a bug report, please visit:
#   http://bugreport.java.com/bugreport/crash.jsp
# The crash happened outside the Java Virtual Machine in native code.
# See problematic frame for where to report the bug.
#

---------------  T H R E A D  ---------------

Current thread (0x00000000255dd000):  JavaThread "http-bio-8888-exec-20" daemon [_thread_in_native, id=8940, stack(0x0000000028c10000,0x0000000028d10000)]

siginfo: ExceptionCode=0xc0000005, reading address 0x0000000000640000

Registers:
RAX=0x0000000026a49be0, RBX=0x0000000000000184, RCX=0x0000000000000034, RDX=0xffffffffd9bf62d0
RSP=0x0000000028d05038, RBP=0x0000000000000007, RSI=0x0000000000640000, RDI=0x0000000026a49d30
R8 =0x0000000000000184, R9 =0x0000000000000190, R10=0x000000000063feb0, R11=0x0000000026a49be0
R12=0x000000000063feb0, R13=0x000000002857dd68, R14=0x00000000000000c2, R15=0x0000000000000000
RIP=0x00007ffe1f8b754e, EFLAGS=0x0000000000010203

Top of Stack: (sp=0x0000000028d05038)
0x0000000028d05038:   0000000026a49be0 0000000028d05160
0x0000000028d05048:   00007ffe1f8b247d 0000000000000000
0x0000000028d05058:   0000000000000000 0000000000000000
0x0000000028d05068:   0000000000420040 0000000000000000
0x0000000028d05078:   00000000000009f0 0000000000000000
0x0000000028d05088:   0000000000000007 0000000028d0d470
0x0000000028d05098:   0000000028d051b0 00000000000001f1
0x0000000028d050a8:   00007ffe1f8b2f9e 00000000000009f0
0x0000000028d050b8:   00000000000001f1 00000000000000c2
0x0000000028d050c8:   0000000000000000 000000000063feb0
0x0000000028d050d8:   0000000028d05120 0000000000000000
0x0000000028d050e8:   0000000000000000 0000000028d051a4
0x0000000028d050f8:   0000000028d0511c 0000000028d051a0
0x0000000028d05108:   0000000028d051b8 fffffffffffffffe
0x0000000028d05118:   0000010c00000020 00000254000000c2
0x0000000028d05128:   0000000026a2e960 0000000026a365a0 

Instructions: (pc=0x00007ffe1f8b754e)
0x00007ffe1f8b752e:   cc cc cc cc cc cc cc cc 66 66 0f 1f 84 00 00 00
0x00007ffe1f8b753e:   00 00 57 56 49 8b c3 48 8b f9 49 8b c8 49 8b f2
0x00007ffe1f8b754e:   f3 a4 5e 5f c3 cc cc cc cc cc cc 0f 1f 80 00 00
0x00007ffe1f8b755e:   00 00 4c 8b d9 4c 8b d2 49 83 f8 10 76 64 49 83 


Register to memory mapping:

RAX=0x0000000026a49be0 is an unknown value
RBX=0x0000000000000184 is an unknown value
RCX=0x0000000000000034 is an unknown value
RDX=0xffffffffd9bf62d0 is an unknown value
RSP=0x0000000028d05038 is pointing into the stack for thread: 0x00000000255dd000
RBP=0x0000000000000007 is an unknown value
RSI=0x0000000000640000 is an unknown value
RDI=0x0000000026a49d30 is an unknown value
R8 =0x0000000000000184 is an unknown value
R9 =0x0000000000000190 is an unknown value
R10=0x000000000063feb0 is an unknown value
R11=0x0000000026a49be0 is an unknown value
R12=0x000000000063feb0 is an unknown value
R13=0x000000002857dd68 is pointing into metadata
R14=0x00000000000000c2 is an unknown value
R15=0x0000000000000000 is an unknown value


Stack: [0x0000000028c10000,0x0000000028d10000],  sp=0x0000000028d05038,  free space=980k
Native frames: (J=compiled Java code, j=interpreted, Vv=VM code, C=native code)
C  [WindowsNativeCall_1582285980554_1_x64.dll+0x754e]
C  [WindowsNativeCall_1582285980554_1_x64.dll+0x247d]
C  [WindowsNativeCall_1582285980554_1_x64.dll+0x2f9e]
C  [WindowsNativeCall_1582285980554_1_x64.dll+0x3883]
C  0x0000000002a27f74

Java frames: (J=compiled Java code, j=interpreted, Vv=VM code)
j  com.aspose.words.WindowsNativeCall.readRegistryStringValues(ILjava/lang/String;)Ljava/util/Map;+0
j  com.aspose.words.internal.zz1C.readRegistryStringValues(ILjava/lang/String;)Ljava/util/Map;+18
j  com.aspose.words.internal.zzB7.zzU(Lcom/aspose/words/internal/zzBR;)V+11
j  com.aspose.words.internal.zzB8.zzQC()Ljava/util/ArrayList;+105
j  com.aspose.words.internal.zzR1.zzZ([Lcom/aspose/words/internal/zzR0;)[Lcom/aspose/words/internal/zzR2;+39
j  com.aspose.words.internal.zzRO.zzQH()[Lcom/aspose/words/internal/zzR2;+47
j  com.aspose.words.internal.zzRO.zzV(Ljava/lang/String;I)Lcom/aspose/words/internal/zzB4;+49
j  com.aspose.words.internal.zzRO.zzW(Ljava/lang/String;I)Lcom/aspose/words/internal/zzB4;+12
j  com.aspose.words.FontSettings.zzW(Ljava/lang/String;I)Lcom/aspose/words/internal/zzB4;+13
j  com.aspose.words.zz97.zzT(Ljava/lang/String;I)Lcom/aspose/words/internal/zzB4;+27
j  com.aspose.words.zz97.zzS(Ljava/lang/String;I)Lcom/aspose/words/internal/zzB4;+3
j  com.aspose.words.zzZZX.zzYH(II)Lcom/aspose/words/internal/zzB4;+150
j  com.aspose.words.zz8Z$zzZ.zzZR(I)Lcom/aspose/words/internal/zzB4;+9
j  com.aspose.words.internal.zzBZ.moveNext()Z+110
j  com.aspose.words.zz8Z.zzZ(Lcom/aspose/words/Font;Ljava/lang/String;I)V+191
j  com.aspose.words.zzYZY.zzZjb()V+29
j  com.aspose.words.zzYZY.zzX(Ljava/lang/String;Lcom/aspose/words/Font;)V+568
j  com.aspose.words.zz8Z.<init>(Lcom/aspose/words/Inline;Lcom/aspose/words/zzZ09;Ljava/lang/String;ZLcom/aspose/words/zzYX4;)V+598
j  com.aspose.words.zzYX5.zzZ(Lcom/aspose/words/Inline;Ljava/lang/String;Z)Ljava/util/ArrayList;+104
j  com.aspose.words.zz8Y.moveNext()Z+3998
j  com.aspose.words.zzZMK.zzZ(Lcom/aspose/words/Document;Lcom/aspose/words/zzZME;)Lcom/aspose/words/zzZMK;+120
j  com.aspose.words.Document.updatePageLayout()V+319
j  com.aspose.words.Document.zzXt(Z)Lcom/aspose/words/zzZMK;+12
j  com.aspose.words.Document.getPageCount()I+4
j  bishe.menu.web.servlet.CheckBuyServlet.doPost(Ljavax/servlet/http/HttpServletRequest;Ljavax/servlet/http/HttpServletResponse;)V+218
j  javax.servlet.http.HttpServlet.service(Ljavax/servlet/http/HttpServletRequest;Ljavax/servlet/http/HttpServletResponse;)V+149
j  javax.servlet.http.HttpServlet.service(Ljavax/servlet/ServletRequest;Ljavax/servlet/ServletResponse;)V+30
j  org.apache.catalina.core.ApplicationFilterChain.internalDoFilter(Ljavax/servlet/ServletRequest;Ljavax/servlet/ServletResponse;)V+446
j  org.apache.catalina.core.ApplicationFilterChain.doFilter(Ljavax/servlet/ServletRequest;Ljavax/servlet/ServletResponse;)V+101
j  org.apache.tomcat.websocket.server.WsFilter.doFilter(Ljavax/servlet/ServletRequest;Ljavax/servlet/ServletResponse;Ljavax/servlet/FilterChain;)V+11
j  org.apache.catalina.core.ApplicationFilterChain.internalDoFilter(Ljavax/servlet/ServletRequest;Ljavax/servlet/ServletResponse;)V+151
j  org.apache.catalina.core.ApplicationFilterChain.doFilter(Ljavax/servlet/ServletRequest;Ljavax/servlet/ServletResponse;)V+101
j  org.apache.catalina.core.StandardWrapperValve.invoke(Lorg/apache/catalina/connector/Request;Lorg/apache/catalina/connector/Response;)V+783
j  org.apache.catalina.core.StandardContextValve.invoke(Lorg/apache/catalina/connector/Request;Lorg/apache/catalina/connector/Response;)V+166
j  org.apache.catalina.authenticator.AuthenticatorBase.invoke(Lorg/apache/catalina/connector/Request;Lorg/apache/catalina/connector/Response;)V+449
j  org.apache.catalina.core.StandardHostValve.invoke(Lorg/apache/catalina/connector/Request;Lorg/apache/catalina/connector/Response;)V+148
j  org.apache.catalina.valves.ErrorReportValve.invoke(Lorg/apache/catalina/connector/Request;Lorg/apache/catalina/connector/Response;)V+6
j  org.apache.catalina.valves.AccessLogValve.invoke(Lorg/apache/catalina/connector/Request;Lorg/apache/catalina/connector/Response;)V+6
j  org.apache.catalina.core.StandardEngineValve.invoke(Lorg/apache/catalina/connector/Request;Lorg/apache/catalina/connector/Response;)V+71
j  org.apache.catalina.connector.CoyoteAdapter.service(Lorg/apache/coyote/Request;Lorg/apache/coyote/Response;)V+196
j  org.apache.coyote.http11.AbstractHttp11Processor.process(Lorg/apache/tomcat/util/net/SocketWrapper;)Lorg/apache/tomcat/util/net/AbstractEndpoint$Handler$SocketState;+640
j  org.apache.coyote.AbstractProtocol$AbstractConnectionHandler.process(Lorg/apache/tomcat/util/net/SocketWrapper;Lorg/apache/tomcat/util/net/SocketStatus;)Lorg/apache/tomcat/util/net/AbstractEndpoint$Handler$SocketState;+206
j  org.apache.tomcat.util.net.JIoEndpoint$SocketProcessor.run()V+106
j  java.util.concurrent.ThreadPoolExecutor.runWorker(Ljava/util/concurrent/ThreadPoolExecutor$Worker;)V+95
j  java.util.concurrent.ThreadPoolExecutor$Worker.run()V+5
j  java.lang.Thread.run()V+11
v  ~StubRoutines::call_stub

---------------  P R O C E S S  ---------------

Java Threads: ( => current thread )
  0x000000001c4eb000 JavaThread "http-bio-8888-exec-28" daemon [_thread_blocked, id=21312, stack(0x0000000029410000,0x0000000029510000)]
  0x000000001c4ed800 JavaThread "http-bio-8888-exec-27" daemon [_thread_blocked, id=31840, stack(0x0000000029310000,0x0000000029410000)]
  0x000000001c4ea800 JavaThread "http-bio-8888-exec-26" daemon [_thread_blocked, id=33076, stack(0x0000000029210000,0x0000000029310000)]
  0x000000001c4ec800 JavaThread "http-bio-8888-exec-25" daemon [_thread_blocked, id=31676, stack(0x0000000029010000,0x0000000029110000)]
  0x000000001c4ec000 JavaThread "http-bio-8888-exec-23" daemon [_thread_blocked, id=19560, stack(0x0000000028f10000,0x0000000029010000)]
  0x000000001c4e9800 JavaThread "http-bio-8888-exec-22" daemon [_thread_blocked, id=21300, stack(0x0000000028e10000,0x0000000028f10000)]
=>0x00000000255dd000 JavaThread "http-bio-8888-exec-20" daemon [_thread_in_native, id=8940, stack(0x0000000028c10000,0x0000000028d10000)]
  0x00000000255da800 JavaThread "http-bio-8888-exec-11" daemon [_thread_blocked, id=1904, stack(0x0000000028410000,0x0000000028510000)]
  0x00000000211b0000 JavaThread "http-bio-8888-exec-9" daemon [_thread_blocked, id=20204, stack(0x0000000027f10000,0x0000000028010000)]
  0x00000000211af000 JavaThread "http-bio-8888-exec-8" daemon [_thread_blocked, id=19032, stack(0x0000000027e10000,0x0000000027f10000)]
  0x00000000211b5000 JavaThread "Druid-ConnectionPool-Destroy-921415692" daemon [_thread_blocked, id=13016, stack(0x0000000027910000,0x0000000027a10000)]
  0x00000000211b4800 JavaThread "Druid-ConnectionPool-Create-921415692" daemon [_thread_blocked, id=27632, stack(0x0000000027810000,0x0000000027910000)]
  0x00000000211b3000 JavaThread "mysql-cj-abandoned-connection-cleanup" daemon [_thread_blocked, id=32000, stack(0x0000000027210000,0x0000000027310000)]
  0x000000001ba42000 JavaThread "http-bio-8888-exec-3" daemon [_thread_blocked, id=32656, stack(0x0000000027010000,0x0000000027110000)]
  0x000000001bf4f000 JavaThread "commons-pool-EvictionTimer" daemon [_thread_blocked, id=3256, stack(0x0000000026c10000,0x0000000026d10000)]
  0x000000001f478800 JavaThread "Java2D Disposer" daemon [_thread_blocked, id=27676, stack(0x0000000026910000,0x0000000026a10000)]
  0x000000001efc4000 JavaThread "http-bio-8888-exec-2" daemon [_thread_blocked, id=25216, stack(0x0000000026610000,0x0000000026710000)]
  0x000000001c699800 JavaThread "http-bio-8888-exec-1" daemon [_thread_blocked, id=10116, stack(0x0000000026510000,0x0000000026610000)]
  0x00000000208e7800 JavaThread "http-bio-8888-AsyncTimeout" daemon [_thread_blocked, id=33064, stack(0x0000000026410000,0x0000000026510000)]
  0x000000001af37000 JavaThread "http-bio-8888-Acceptor-0" daemon [_thread_in_native, id=22588, stack(0x0000000026310000,0x0000000026410000)]
  0x000000001be72000 JavaThread "ContainerBackgroundProcessor[StandardEngine[Tomcat]]" daemon [_thread_blocked, id=25056, stack(0x0000000026210000,0x0000000026310000)]
  0x000000001c14c800 JavaThread "Thread-3" daemon [_thread_in_native, id=31604, stack(0x0000000026110000,0x0000000026210000)]
  0x000000001ac2c800 JavaThread "Service Thread" daemon [_thread_blocked, id=17736, stack(0x000000001b560000,0x000000001b660000)]
  0x000000001aba9800 JavaThread "C1 CompilerThread2" daemon [_thread_blocked, id=13788, stack(0x000000001b460000,0x000000001b560000)]
  0x000000001ab97800 JavaThread "C2 CompilerThread1" daemon [_thread_blocked, id=9384, stack(0x000000001b360000,0x000000001b460000)]
  0x000000001ab96800 JavaThread "C2 CompilerThread0" daemon [_thread_blocked, id=27268, stack(0x000000001b260000,0x000000001b360000)]
  0x0000000019815000 JavaThread "Monitor Ctrl-Break" daemon [_thread_in_native, id=32680, stack(0x000000001b160000,0x000000001b260000)]
  0x000000001985d800 JavaThread "Attach Listener" daemon [_thread_blocked, id=3576, stack(0x000000001b060000,0x000000001b160000)]
  0x00000000197f9000 JavaThread "Signal Dispatcher" daemon [_thread_blocked, id=31544, stack(0x000000001af60000,0x000000001b060000)]
  0x00000000197ea800 JavaThread "Finalizer" daemon [_thread_blocked, id=32440, stack(0x000000001aa60000,0x000000001ab60000)]
  0x0000000002a02000 JavaThread "Reference Handler" daemon [_thread_blocked, id=32664, stack(0x000000001a960000,0x000000001aa60000)]
  0x0000000002913000 JavaThread "main" [_thread_blocked, id=4804, stack(0x00000000009b0000,0x0000000000ab0000)]

Other Threads:
  0x00000000197c8000 VMThread [stack: 0x000000001a860000,0x000000001a960000] [id=10720]
  0x000000001ac65800 WatcherThread [stack: 0x000000001b660000,0x000000001b760000] [id=7576]

VM state:not at safepoint (normal execution)

VM Mutex/Monitor currently owned by a thread: None

Heap:
 PSYoungGen      total 337920K, used 118731K [0x0000000782000000, 0x0000000799a00000, 0x00000007c0000000)
  eden space 303104K, 39% used [0x0000000782000000,0x00000007893f2f18,0x0000000794800000)
  from space 34816K, 0% used [0x0000000797800000,0x0000000797800000,0x0000000799a00000)
  to   space 41984K, 0% used [0x0000000794800000,0x0000000794800000,0x0000000797100000)
 ParOldGen       total 151552K, used 42825K [0x0000000706000000, 0x000000070f400000, 0x0000000782000000)
  object space 151552K, 28% used [0x0000000706000000,0x00000007089d26a0,0x000000070f400000)
 Metaspace       used 48081K, capacity 48883K, committed 49152K, reserved 1093632K
  class space    used 5294K, capacity 5545K, committed 5632K, reserved 1048576K

Card table byte_map: [0x0000000011dd0000,0x00000000123b0000] byte_map_base: 0x000000000e5a0000

Marking Bits: (ParMarkBitMap*) 0x00000000557fc720
 Begin Bits: [0x0000000012b90000, 0x0000000015a10000)
 End Bits:   [0x0000000015a10000, 0x0000000018890000)

Polling page: 0x0000000000530000

CodeCache: size=245760Kb used=15647Kb max_used=15660Kb free=230112Kb
 bounds [0x0000000002a10000, 0x0000000003970000, 0x0000000011a10000]
 total_blobs=5455 nmethods=4791 adapters=576
 compilation: enabled

Compilation events (10 events):
Event: 266.460 Thread 0x000000001aba9800 5723       3       sun.security.provider.SHA5::implCompress (331 bytes)
Event: 266.460 Thread 0x000000001ab96800 nmethod 5721 0x0000000003968950 code [0x0000000003968a80, 0x0000000003968b18]
Event: 266.460 Thread 0x000000001ab97800 nmethod 5722 0x00000000039658d0 code [0x0000000003965a00, 0x0000000003965a58]
Event: 266.461 Thread 0x000000001aba9800 nmethod 5723 0x000000000396a910 code [0x000000000396ab60, 0x000000000396ba48]
Event: 266.461 Thread 0x000000001aba9800 5724       3       sun.security.provider.ByteArrayAccess::b2lBig128 (350 bytes)
Event: 266.462 Thread 0x000000001aba9800 nmethod 5724 0x0000000003964790 code [0x0000000003964a00, 0x0000000003965328]
Event: 266.462 Thread 0x000000001ab96800 5725 %     4       sun.security.provider.SHA5::implCompress @ 12 (331 bytes)
Event: 266.464 Thread 0x000000001aba9800 5726       3       java.lang.Integer::numberOfLeadingZeros (76 bytes)
Event: 266.464 Thread 0x000000001aba9800 nmethod 5726 0x00000000039684d0 code [0x0000000003968640, 0x00000000039688f0]
Event: 266.469 Thread 0x000000001ab96800 nmethod 5725% 0x0000000003967a50 code [0x0000000003967ba0, 0x0000000003968118]

GC Heap History (10 events):
Event: 5.344 GC heap before
{Heap before GC invocations=8 (full 1):
 PSYoungGen      total 153600K, used 153597K [0x0000000782000000, 0x000000078f500000, 0x00000007c0000000)
  eden space 140800K, 100% used [0x0000000782000000,0x000000078a980000,0x000000078a980000)
  from space 12800K, 99% used [0x000000078e880000,0x000000078f4ff5b8,0x000000078f500000)
  to   space 16384K, 0% used [0x000000078d500000,0x000000078d500000,0x000000078e500000)
 ParOldGen       total 91136K, used 16189K [0x0000000706000000, 0x000000070b900000, 0x0000000782000000)
  object space 91136K, 17% used [0x0000000706000000,0x0000000706fcf5d0,0x000000070b900000)
 Metaspace       used 23771K, capacity 24252K, committed 24448K, reserved 1071104K
  class space    used 2784K, capacity 2930K, committed 2944K, reserved 1048576K
Event: 5.375 GC heap after
Heap after GC invocations=8 (full 1):
 PSYoungGen      total 201728K, used 16366K [0x0000000782000000, 0x0000000792e80000, 0x00000007c0000000)
  eden space 185344K, 0% used [0x0000000782000000,0x0000000782000000,0x000000078d500000)
  from space 16384K, 99% used [0x000000078d500000,0x000000078e4fbb70,0x000000078e500000)
  to   space 23040K, 0% used [0x0000000791800000,0x0000000791800000,0x0000000792e80000)
 ParOldGen       total 91136K, used 25952K [0x0000000706000000, 0x000000070b900000, 0x0000000782000000)
  object space 91136K, 28% used [0x0000000706000000,0x00000007079583a8,0x000000070b900000)
 Metaspace       used 23771K, capacity 24252K, committed 24448K, reserved 1071104K
  class space    used 2784K, capacity 2930K, committed 2944K, reserved 1048576K
}
Event: 5.937 GC heap before
{Heap before GC invocations=9 (full 1):
 PSYoungGen      total 201728K, used 201710K [0x0000000782000000, 0x0000000792e80000, 0x00000007c0000000)
  eden space 185344K, 100% used [0x0000000782000000,0x000000078d500000,0x000000078d500000)
  from space 16384K, 99% used [0x000000078d500000,0x000000078e4fbb70,0x000000078e500000)
  to   space 23040K, 0% used [0x0000000791800000,0x0000000791800000,0x0000000792e80000)
 ParOldGen       total 91136K, used 25952K [0x0000000706000000, 0x000000070b900000, 0x0000000782000000)
  object space 91136K, 28% used [0x0000000706000000,0x00000007079583a8,0x000000070b900000)
 Metaspace       used 23774K, capacity 24252K, committed 24448K, reserved 1071104K
  class space    used 2784K, capacity 2930K, committed 2944K, reserved 1048576K
Event: 5.962 GC heap after
Heap after GC invocations=9 (full 1):
 PSYoungGen      total 244736K, used 23013K [0x0000000782000000, 0x0000000798f00000, 0x00000007c0000000)
  eden space 221696K, 0% used [0x0000000782000000,0x0000000782000000,0x000000078f880000)
  from space 23040K, 99% used [0x0000000791800000,0x0000000792e795a0,0x0000000792e80000)
  to   space 32256K, 0% used [0x000000078f880000,0x000000078f880000,0x0000000791800000)
 ParOldGen       total 91136K, used 38754K [0x0000000706000000, 0x000000070b900000, 0x0000000782000000)
  object space 91136K, 42% used [0x0000000706000000,0x00000007085d8998,0x000000070b900000)
 Metaspace       used 23774K, capacity 24252K, committed 24448K, reserved 1071104K
  class space    used 2784K, capacity 2930K, committed 2944K, reserved 1048576K
}
Event: 7.277 GC heap before
{Heap before GC invocations=10 (full 1):
 PSYoungGen      total 244736K, used 244709K [0x0000000782000000, 0x0000000798f00000, 0x00000007c0000000)
  eden space 221696K, 100% used [0x0000000782000000,0x000000078f880000,0x000000078f880000)
  from space 23040K, 99% used [0x0000000791800000,0x0000000792e795a0,0x0000000792e80000)
  to   space 32256K, 0% used [0x000000078f880000,0x000000078f880000,0x0000000791800000)
 ParOldGen       total 91136K, used 38754K [0x0000000706000000, 0x000000070b900000, 0x0000000782000000)
  object space 91136K, 42% used [0x0000000706000000,0x00000007085d8998,0x000000070b900000)
 Metaspace       used 24563K, capacity 25058K, committed 25344K, reserved 1071104K
  class space    used 2868K, capacity 3027K, committed 3072K, reserved 1048576K
Event: 7.312 GC heap after
Heap after GC invocations=10 (full 1):
 PSYoungGen      total 253952K, used 32250K [0x0000000782000000, 0x000000079a000000, 0x00000007c0000000)
  eden space 221696K, 0% used [0x0000000782000000,0x0000000782000000,0x000000078f880000)
  from space 32256K, 99% used [0x000000078f880000,0x00000007917feaf0,0x0000000791800000)
  to   space 40960K, 0% used [0x0000000797800000,0x0000000797800000,0x000000079a000000)
 ParOldGen       total 91136K, used 48172K [0x0000000706000000, 0x000000070b900000, 0x0000000782000000)
  object space 91136K, 52% used [0x0000000706000000,0x0000000708f0b208,0x000000070b900000)
 Metaspace       used 24563K, capacity 25058K, committed 25344K, reserved 1071104K
  class space    used 2868K, capacity 3027K, committed 3072K, reserved 1048576K
}
Event: 22.939 GC heap before
{Heap before GC invocations=11 (full 1):
 PSYoungGen      total 253952K, used 214063K [0x0000000782000000, 0x000000079a000000, 0x00000007c0000000)
  eden space 221696K, 82% used [0x0000000782000000,0x000000078d18d338,0x000000078f880000)
  from space 32256K, 99% used [0x000000078f880000,0x00000007917feaf0,0x0000000791800000)
  to   space 40960K, 0% used [0x0000000797800000,0x0000000797800000,0x000000079a000000)
 ParOldGen       total 91136K, used 48172K [0x0000000706000000, 0x000000070b900000, 0x0000000782000000)
  object space 91136K, 52% used [0x0000000706000000,0x0000000708f0b208,0x000000070b900000)
 Metaspace       used 34578K, capacity 35136K, committed 35456K, reserved 1081344K
  class space    used 3958K, capacity 4146K, committed 4224K, reserved 1048576K
Event: 22.960 GC heap after
Heap after GC invocations=11 (full 1):
 PSYoungGen      total 337920K, used 27970K [0x0000000782000000, 0x0000000799a00000, 0x00000007c0000000)
  eden space 303104K, 0% used [0x0000000782000000,0x0000000782000000,0x0000000794800000)
  from space 34816K, 80% used [0x0000000797800000,0x0000000799350a90,0x0000000799a00000)
  to   space 41984K, 0% used [0x0000000794800000,0x0000000794800000,0x0000000797100000)
 ParOldGen       total 91136K, used 50037K [0x0000000706000000, 0x000000070b900000, 0x0000000782000000)
  object space 91136K, 54% used [0x0000000706000000,0x00000007090dd4a0,0x000000070b900000)
 Metaspace       used 34578K, capacity 35136K, committed 35456K, reserved 1081344K
  class space    used 3958K, capacity 4146K, committed 4224K, reserved 1048576K
}
Event: 22.960 GC heap before
{Heap before GC invocations=12 (full 2):
 PSYoungGen      total 337920K, used 27970K [0x0000000782000000, 0x0000000799a00000, 0x00000007c0000000)
  eden space 303104K, 0% used [0x0000000782000000,0x0000000782000000,0x0000000794800000)
  from space 34816K, 80% used [0x0000000797800000,0x0000000799350a90,0x0000000799a00000)
  to   space 41984K, 0% used [0x0000000794800000,0x0000000794800000,0x0000000797100000)
 ParOldGen       total 91136K, used 50037K [0x0000000706000000, 0x000000070b900000, 0x0000000782000000)
  object space 91136K, 54% used [0x0000000706000000,0x00000007090dd4a0,0x000000070b900000)
 Metaspace       used 34578K, capacity 35136K, committed 35456K, reserved 1081344K
  class space    used 3958K, capacity 4146K, committed 4224K, reserved 1048576K
Event: 23.039 GC heap after
Heap after GC invocations=12 (full 2):
 PSYoungGen      total 337920K, used 0K [0x0000000782000000, 0x0000000799a00000, 0x00000007c0000000)
  eden space 303104K, 0% used [0x0000000782000000,0x0000000782000000,0x0000000794800000)
  from space 34816K, 0% used [0x0000000797800000,0x0000000797800000,0x0000000799a00000)
  to   space 41984K, 0% used [0x0000000794800000,0x0000000794800000,0x0000000797100000)
 ParOldGen       total 151552K, used 42825K [0x0000000706000000, 0x000000070f400000, 0x0000000782000000)
  object space 151552K, 28% used [0x0000000706000000,0x00000007089d26a0,0x000000070f400000)
 Metaspace       used 34578K, capacity 35136K, committed 35456K, reserved 1081344K
  class space    used 3958K, capacity 4146K, committed 4224K, reserved 1048576K
}

Deoptimization events (10 events):
Event: 266.097 Thread 0x00000000255dd000 Uncommon trap: reason=class_check action=maybe_recompile pc=0x0000000003669b28 method=java.lang.Character.toUpperCase(I)I @ 5
Event: 266.097 Thread 0x00000000255dd000 Uncommon trap: reason=class_check action=maybe_recompile pc=0x0000000003669b28 method=java.lang.Character.toUpperCase(I)I @ 5
Event: 266.097 Thread 0x00000000255dd000 Uncommon trap: reason=class_check action=maybe_recompile pc=0x0000000003669b28 method=java.lang.Character.toUpperCase(I)I @ 5
Event: 266.144 Thread 0x00000000255dd000 Uncommon trap: reason=unstable_if action=reinterpret pc=0x000000000362cbcc method=java.util.concurrent.ConcurrentHashMap.get(Ljava/lang/Object;)Ljava/lang/Object; @ 76
Event: 266.144 Thread 0x00000000255dd000 Uncommon trap: reason=unstable_if action=reinterpret pc=0x00000000037cbf58 method=java.util.HashMap.putVal(ILjava/lang/Object;Ljava/lang/Object;ZZ)Ljava/lang/Object; @ 109
Event: 266.144 Thread 0x00000000255dd000 Uncommon trap: reason=unstable_if action=reinterpret pc=0x0000000002e7865c method=java.util.HashMap.putVal(ILjava/lang/Object;Ljava/lang/Object;ZZ)Ljava/lang/Object; @ 109
Event: 266.145 Thread 0x00000000255dd000 Uncommon trap: reason=unstable_if action=reinterpret pc=0x0000000002eab1f0 method=java.util.HashMap.resize()[Ljava/util/HashMap$Node; @ 206
Event: 266.238 Thread 0x00000000255dd000 Uncommon trap: reason=unstable_if action=reinterpret pc=0x0000000002ce32e4 method=java.util.zip.ZipEntry.setExtra0([BZ)V @ 32
Event: 266.355 Thread 0x00000000255dd000 Uncommon trap: reason=uninitialized action=reinterpret pc=0x0000000003928ea4 method=com.aspose.words.internal.zz9V.zzZ(CII)V @ 0
Event: 266.356 Thread 0x00000000255dd000 Uncommon trap: reason=uninitialized action=reinterpret pc=0x0000000003927164 method=com.aspose.words.internal.zz9V.zzZ(CII)V @ 0

Internal exceptions (10 events):
Event: 34.407 Thread 0x00000000211b0800 Exception <a 'java/lang/ClassNotFoundException': bishe/menu/domain/UserCustomizer> (0x0000000784816a68) thrown at [C:\re\workspace\8-2-build-windows-amd64-cygwin\jdk8u131\8869\hotspot\src\share\vm\classfile\systemDictionary.cpp, line 210]
Event: 34.411 Thread 0x000000001ba42000 Exception <a 'java/lang/ClassNotFoundException': java/io/SerializableCustomizer> (0x000000078407bb78) thrown at [C:\re\workspace\8-2-build-windows-amd64-cygwin\jdk8u131\8869\hotspot\src\share\vm\classfile\systemDictionary.cpp, line 210]
Event: 34.411 Thread 0x00000000211b0000 Exception <a 'java/lang/ClassNotFoundException': java/io/SerializableCustomizer> (0x000000078502ca90) thrown at [C:\re\workspace\8-2-build-windows-amd64-cygwin\jdk8u131\8869\hotspot\src\share\vm\classfile\systemDictionary.cpp, line 210]
Event: 34.411 Thread 0x00000000211b0800 Exception <a 'java/lang/ClassNotFoundException': java/io/SerializableCustomizer> (0x0000000784839328) thrown at [C:\re\workspace\8-2-build-windows-amd64-cygwin\jdk8u131\8869\hotspot\src\share\vm\classfile\systemDictionary.cpp, line 210]
Event: 34.412 Thread 0x0000000020930000 Exception <a 'java/lang/ClassNotFoundException': java/io/SerializableCustomizer> (0x0000000784a66188) thrown at [C:\re\workspace\8-2-build-windows-amd64-cygwin\jdk8u131\8869\hotspot\src\share\vm\classfile\systemDictionary.cpp, line 210]
Event: 34.412 Thread 0x000000001c699800 Exception <a 'java/lang/ClassNotFoundException': java/io/SerializableCustomizer> (0x0000000784b8f438) thrown at [C:\re\workspace\8-2-build-windows-amd64-cygwin\jdk8u131\8869\hotspot\src\share\vm\classfile\systemDictionary.cpp, line 210]
Event: 34.412 Thread 0x000000001efc4000 Exception <a 'java/lang/ClassNotFoundException': java/io/SerializableCustomizer> (0x000000078494e708) thrown at [C:\re\workspace\8-2-build-windows-amd64-cygwin\jdk8u131\8869\hotspot\src\share\vm\classfile\systemDictionary.cpp, line 210]
Event: 265.837 Thread 0x00000000255dd000 Exception <a 'java/lang/ClassNotFoundException': bishe/menu/domain/FileBeanInfo> (0x0000000785ea53a8) thrown at [C:\re\workspace\8-2-build-windows-amd64-cygwin\jdk8u131\8869\hotspot\src\share\vm\classfile\systemDictionary.cpp, line 210]
Event: 265.837 Thread 0x00000000255dd000 Exception <a 'java/lang/ClassNotFoundException': bishe/menu/domain/FileCustomizer> (0x0000000785eb9cf8) thrown at [C:\re\workspace\8-2-build-windows-amd64-cygwin\jdk8u131\8869\hotspot\src\share\vm\classfile\systemDictionary.cpp, line 210]
Event: 265.838 Thread 0x00000000255dd000 Exception <a 'java/lang/ClassNotFoundException': java/io/SerializableCustomizer> (0x0000000785ed8db8) thrown at [C:\re\workspace\8-2-build-windows-amd64-cygwin\jdk8u131\8869\hotspot\src\share\vm\classfile\systemDictionary.cpp, line 210]

Events (10 events):
Event: 266.452 loading class java/nio/channels/Channels
Event: 266.453 loading class java/nio/channels/Channels done
Event: 266.453 loading class java/nio/channels/Channels$ReadableByteChannelImpl
Event: 266.453 loading class java/nio/channels/Channels$ReadableByteChannelImpl done
Event: 266.453 Executing VM operation: Deoptimize
Event: 266.453 Executing VM operation: Deoptimize done
Event: 266.458 loading class sun/security/provider/SHA5$SHA512
Event: 266.458 loading class sun/security/provider/SHA5
Event: 266.458 loading class sun/security/provider/SHA5 done
Event: 266.458 loading class sun/security/provider/SHA5$SHA512 done


Dynamic libraries:
0x00007ff6bd860000 - 0x00007ff6bd897000 	C:\Program Files\Java\jdk1.8.0_131\bin\java.exe
0x00007ffe71c10000 - 0x00007ffe71dfd000 	C:\Windows\SYSTEM32\ntdll.dll
0x00007ffe71540000 - 0x00007ffe715f3000 	C:\Windows\System32\KERNEL32.DLL
0x00007ffe6dcd0000 - 0x00007ffe6df63000 	C:\Windows\System32\KERNELBASE.dll
0x00007ffe71210000 - 0x00007ffe712b3000 	C:\Windows\System32\ADVAPI32.dll
0x00007ffe70c30000 - 0x00007ffe70cce000 	C:\Windows\System32\msvcrt.dll
0x00007ffe70e00000 - 0x00007ffe70e9e000 	C:\Windows\System32\sechost.dll
0x00007ffe70cd0000 - 0x00007ffe70df2000 	C:\Windows\System32\RPCRT4.dll
0x00007ffe71810000 - 0x00007ffe719a7000 	C:\Windows\System32\USER32.dll
0x00007ffe6e2f0000 - 0x00007ffe6e310000 	C:\Windows\System32\win32u.dll
0x00007ffe710c0000 - 0x00007ffe710e9000 	C:\Windows\System32\GDI32.dll
0x00007ffe6e410000 - 0x00007ffe6e5a9000 	C:\Windows\System32\gdi32full.dll
0x00007ffe6df70000 - 0x00007ffe6e010000 	C:\Windows\System32\msvcp_win.dll
0x00007ffe6e310000 - 0x00007ffe6e40a000 	C:\Windows\System32\ucrtbase.dll
0x00007ffe56720000 - 0x00007ffe56999000 	C:\Windows\WinSxS\amd64_microsoft.windows.common-controls_6595b64144ccf1df_6.0.17763.1039_none_de701650534c7021\COMCTL32.dll
0x00007ffe70350000 - 0x00007ffe7067c000 	C:\Windows\System32\combase.dll
0x00007ffe6e5b0000 - 0x00007ffe6e62e000 	C:\Windows\System32\bcryptPrimitives.dll
0x00007ffe71b30000 - 0x00007ffe71b5e000 	C:\Windows\System32\IMM32.DLL
0x0000000055880000 - 0x0000000055952000 	C:\Program Files\Java\jdk1.8.0_131\jre\bin\msvcr100.dll
0x0000000054fe0000 - 0x000000005587c000 	C:\Program Files\Java\jdk1.8.0_131\jre\bin\server\jvm.dll
0x00007ffe710f0000 - 0x00007ffe710f8000 	C:\Windows\System32\PSAPI.DLL
0x00007ffe54130000 - 0x00007ffe54139000 	C:\Windows\SYSTEM32\WSOCK32.dll
0x00007ffe62a00000 - 0x00007ffe62a24000 	C:\Windows\SYSTEM32\WINMM.dll
0x00007ffe71050000 - 0x00007ffe710bd000 	C:\Windows\System32\WS2_32.dll
0x00007ffe64b80000 - 0x00007ffe64b8a000 	C:\Windows\SYSTEM32\VERSION.dll
0x00007ffe629d0000 - 0x00007ffe629fd000 	C:\Windows\SYSTEM32\winmmbase.dll
0x00007ffe6e2a0000 - 0x00007ffe6e2ea000 	C:\Windows\System32\cfgmgr32.dll
0x0000000054fd0000 - 0x0000000054fdf000 	C:\Program Files\Java\jdk1.8.0_131\jre\bin\verify.dll
0x0000000054fa0000 - 0x0000000054fc9000 	C:\Program Files\Java\jdk1.8.0_131\jre\bin\java.dll
0x0000000054f70000 - 0x0000000054f93000 	C:\Program Files\Java\jdk1.8.0_131\jre\bin\instrument.dll
0x0000000054f50000 - 0x0000000054f66000 	C:\Program Files\Java\jdk1.8.0_131\jre\bin\zip.dll
0x00007ffe6ee50000 - 0x00007ffe70344000 	C:\Windows\System32\SHELL32.dll
0x00007ffe71490000 - 0x00007ffe71538000 	C:\Windows\System32\shcore.dll
0x00007ffe6e6e0000 - 0x00007ffe6ee2d000 	C:\Windows\System32\windows.storage.dll
0x00007ffe6dc40000 - 0x00007ffe6dc64000 	C:\Windows\System32\profapi.dll
0x00007ffe6dc70000 - 0x00007ffe6dccd000 	C:\Windows\System32\powrprof.dll
0x00007ffe711b0000 - 0x00007ffe71202000 	C:\Windows\System32\shlwapi.dll
0x00007ffe6dc20000 - 0x00007ffe6dc31000 	C:\Windows\System32\kernel.appcore.dll
0x00007ffe6e040000 - 0x00007ffe6e057000 	C:\Windows\System32\cryptsp.dll
0x00007ffe6b360000 - 0x00007ffe6b37a000 	C:\Program Files\JetBrains\IntelliJ IDEA 2019.1\bin\breakgen64.dll
0x0000000054f30000 - 0x0000000054f4a000 	C:\Program Files\Java\jdk1.8.0_131\jre\bin\net.dll
0x00007ffe6d470000 - 0x00007ffe6d4d7000 	C:\Windows\system32\mswsock.dll
0x0000000054f10000 - 0x0000000054f21000 	C:\Program Files\Java\jdk1.8.0_131\jre\bin\nio.dll
0x00007ffe6cff0000 - 0x00007ffe6d023000 	C:\Windows\system32\rsaenh.dll
0x00007ffe6e010000 - 0x00007ffe6e036000 	C:\Windows\System32\bcrypt.dll
0x00007ffe6db30000 - 0x00007ffe6db58000 	C:\Windows\SYSTEM32\USERENV.dll
0x00007ffe6d640000 - 0x00007ffe6d64c000 	C:\Windows\SYSTEM32\CRYPTBASE.dll
0x00007ffe6d190000 - 0x00007ffe6d1cd000 	C:\Windows\SYSTEM32\IPHLPAPI.DLL
0x00007ffe719b0000 - 0x00007ffe719b8000 	C:\Windows\System32\NSI.dll
0x00007ffe66410000 - 0x00007ffe66426000 	C:\Windows\SYSTEM32\dhcpcsvc6.DLL
0x00007ffe663f0000 - 0x00007ffe6640c000 	C:\Windows\SYSTEM32\dhcpcsvc.DLL
0x00007ffe6d1d0000 - 0x00007ffe6d296000 	C:\Windows\SYSTEM32\DNSAPI.dll
0x0000000054f00000 - 0x0000000054f0d000 	C:\Program Files\Java\jdk1.8.0_131\jre\bin\management.dll
0x0000000054d60000 - 0x0000000054ef8000 	C:\Program Files\Java\jdk1.8.0_131\jre\bin\awt.dll
0x00007ffe70b60000 - 0x00007ffe70c24000 	C:\Windows\System32\OLEAUT32.dll
0x00007ffe6b650000 - 0x00007ffe6b6dc000 	C:\Windows\SYSTEM32\apphelp.dll
0x00007ffe6c170000 - 0x00007ffe6c19e000 	C:\Windows\system32\DWMAPI.DLL
0x00007ffe6e0c0000 - 0x00007ffe6e29c000 	C:\Windows\System32\CRYPT32.dll
0x00007ffe6dc00000 - 0x00007ffe6dc12000 	C:\Windows\System32\MSASN1.dll
0x00007ffe6b930000 - 0x00007ffe6b9cc000 	C:\Windows\system32\uxtheme.dll
0x0000000054d10000 - 0x0000000054d57000 	C:\Program Files\Java\jdk1.8.0_131\jre\bin\fontmanager.dll
0x0000000054cc0000 - 0x0000000054d02000 	C:\Program Files\Java\jdk1.8.0_131\jre\bin\t2k.dll
0x00007ffe1f8b0000 - 0x00007ffe1f8d3000 	C:\Users\Administrator.VZMRW9ETL45BX39\AppData\Local\Temp\WindowsNativeCall\WindowsNativeCall_1582285980554_1_x64.dll
0x00007ffe6c5a0000 - 0x00007ffe6c78d000 	C:\Windows\SYSTEM32\dbghelp.dll

VM Arguments:
jvm_args: -Dmaven.multiModuleProjectDirectory=E:\pa的文件夹\软件开发\毕设\juben\- -Dmaven.home=C:\Program Files\JetBrains\IntelliJ IDEA 2019.1\plugins\maven\lib\maven3 -Dclassworlds.conf=C:\Program Files\JetBrains\IntelliJ IDEA 2019.1\plugins\maven\lib\maven3\bin\m2.conf -javaagent:C:\Program Files\JetBrains\IntelliJ IDEA 2019.1\lib\idea_rt.jar=14610:C:\Program Files\JetBrains\IntelliJ IDEA 2019.1\bin -Dfile.encoding=UTF-8 
java_command: org.codehaus.classworlds.Launcher -Didea.version2019.1 tomcat7:run
java_class_path (initial): C:\Program Files\JetBrains\IntelliJ IDEA 2019.1\plugins\maven\lib\maven3\boot\plexus-classworlds-2.5.2.jar;C:\Program Files\JetBrains\IntelliJ IDEA 2019.1\lib\idea_rt.jar
Launcher Type: SUN_STANDARD

Environment Variables:
PATH=C:\Program Files\NVIDIA GPU Computing Toolkit\CUDA\v10.1\bin;C:\Program Files\NVIDIA GPU Computing Toolkit\CUDA\v10.1\libnvvp;C:\Program Files (x86)\Common Files\Intel\Shared Libraries\redist\intel64_win\compiler;C:\Program Files (x86)\Common Files\Intel\Shared Libraries\redist\intel64\compiler;C:\ProgramData\Anaconda3;C:\ProgramData\Anaconda3\Library\mingw-w64\bin;C:\ProgramData\Anaconda3\Library\usr\bin;C:\ProgramData\Anaconda3\Library\bin;C:\ProgramData\Anaconda3\Scripts;C:\Program Files (x86)\Common Files\Oracle\Java\javapath;C:\Windows\system32;C:\Windows;C:\Windows\System32\Wbem;C:\Windows\System32\WindowsPowerShell\v1.0\;C:\Windows\System32\OpenSSH\;C:\Program Files\dotnet\;C:\Program Files\NVIDIA Corporation\Nsight Compute 2019.4.0\;C:\Program Files (x86)\NVIDIA Corporation\PhysX\Common;C:\Program Files\NVIDIA Corporation\NVIDIA NvDLISR;C:\Strawberry\c\bin;C:\Strawberry\perl\site\bin;C:\Strawberry\perl\bin;C:\Program Files\Intel\WiFi\bin\;C:\Program Files\Common Files\Intel\WirelessCommon\;C:\Program Files (x86)\Intel\Intel(R) Management Engine Components\DAL;C:\Program Files\Intel\Intel(R) Management Engine Components\DAL;C:\Program Files\Git\cmd;C:\MinGW\bin;C:\Qt\Qt5.11.1\5.11.1\msvc2017_64\bin;C:\Program Files\Microsoft SQL Server\Client SDK\ODBC\110\Tools\Binn\;C:\Program Files (x86)\Microsoft SQL Server\120\Tools\Binn\;C:\Program Files\Microsoft SQL Server\120\Tools\Binn\;C:\Program Files\Microsoft SQL Server\120\DTS\Binn\;C:\Program Files (x86)\Windows Kits\8.1\Windows Performance Toolkit\;C:\Android\SDK;C:\Users\Administrator.VZMRW9ETL45BX39\AppData\Local\Microsoft\WindowsApps;C:\Users\Administrator.VZMRW9ETL45BX39\AppData\Local\Programs\Microsoft VS Code\bin;C:\Users\Administrator.VZMRW9ETL45BX39\AppData\Local\GitHubDesktop\bin
USERNAME=Administrator
OS=Windows_NT
PROCESSOR_IDENTIFIER=Intel64 Family 6 Model 158 Stepping 9, GenuineIntel



---------------  S Y S T E M  ---------------

OS: Windows 10.0 , 64 bit Build 17763 (10.0.17763.475)

CPU:total 4 (initial active 4) (4 cores per cpu, 1 threads per core) family 6 model 158 stepping 9, cmov, cx8, fxsr, mmx, sse, sse2, sse3, ssse3, sse4.1, sse4.2, popcnt, avx, avx2, aes, clmul, erms, 3dnowpref, lzcnt, tsc, tscinvbit, bmi1, bmi2, adx

Memory: 4k page, physical 12186356k(2168560k free), swap 49935092k(23443520k free)

vm_info: Java HotSpot(TM) 64-Bit Server VM (25.131-b11) for windows-amd64 JRE (1.8.0_131-b11), built on Mar 15 2017 01:23:53 by "java_re" with MS VC++ 10.0 (VS2010)

time: Fri Feb 21 19:53:00 2020
elapsed time: 266 seconds (0d 0h 4m 26s)

